[      80ms] [INFO] %cDownload the React DevTools for a better development experience: https://react.dev/link/react-devtools font-weight:bold @ http://localhost:3000/_next/static/chunks/0ntm_next_dist_0kkjfq8._.js:2477
[      85ms] [LOG] [HMR] connected @ http://localhost:3000/_next/static/chunks/0ntm_next_dist_0kkjfq8._.js:2477
[   22995ms] [ERROR] WebSocket connection to 'ws://localhost:3000/_next/webpack-hmr?id=ksVusACn19mgldidDhsAV' failed: Error in connection establishment: net::ERR_CONNECTION_REFUSED @ http://localhost:3000/_next/static/chunks/0ntm_next_dist_client_0tjvt_u._.js:13322
[   23999ms] [ERROR] WebSocket connection to 'ws://localhost:3000/_next/webpack-hmr?id=ksVusACn19mgldidDhsAV' failed: Error in connection establishment: net::ERR_CONNECTION_REFUSED @ http://localhost:3000/_next/static/chunks/0ntm_next_dist_client_0tjvt_u._.js:13322
[   25002ms] [ERROR] WebSocket connection to 'ws://localhost:3000/_next/webpack-hmr?id=ksVusACn19mgldidDhsAV' failed: Error in connection establishment: net::ERR_CONNECTION_REFUSED @ http://localhost:3000/_next/static/chunks/0ntm_next_dist_client_0tjvt_u._.js:13322
[   26006ms] [ERROR] WebSocket connection to 'ws://localhost:3000/_next/webpack-hmr?id=ksVusACn19mgldidDhsAV' failed: Error in connection establishment: net::ERR_CONNECTION_REFUSED @ http://localhost:3000/_next/static/chunks/0ntm_next_dist_client_0tjvt_u._.js:13322
[   27008ms] [ERROR] WebSocket connection to 'ws://localhost:3000/_next/webpack-hmr?id=ksVusACn19mgldidDhsAV' failed: Error in connection establishment: net::ERR_CONNECTION_REFUSED @ http://localhost:3000/_next/static/chunks/0ntm_next_dist_client_0tjvt_u._.js:13322
[   32011ms] [ERROR] WebSocket connection to 'ws://localhost:3000/_next/webpack-hmr?id=ksVusACn19mgldidDhsAV' failed: Error in connection establishment: net::ERR_CONNECTION_REFUSED @ http://localhost:3000/_next/static/chunks/0ntm_next_dist_client_0tjvt_u._.js:13322
[   37015ms] [ERROR] WebSocket connection to 'ws://localhost:3000/_next/webpack-hmr?id=ksVusACn19mgldidDhsAV' failed: Error in connection establishment: net::ERR_CONNECTION_REFUSED @ http://localhost:3000/_next/static/chunks/0ntm_next_dist_client_0tjvt_u._.js:13322
[   42018ms] [ERROR] WebSocket connection to 'ws://localhost:3000/_next/webpack-hmr?id=ksVusACn19mgldidDhsAV' failed: Error in connection establishment: net::ERR_CONNECTION_REFUSED @ http://localhost:3000/_next/static/chunks/0ntm_next_dist_client_0tjvt_u._.js:13322
[   47020ms] [ERROR] WebSocket connection to 'ws://localhost:3000/_next/webpack-hmr?id=ksVusACn19mgldidDhsAV' failed: Error in connection establishment: net::ERR_CONNECTION_REFUSED @ http://localhost:3000/_next/static/chunks/0ntm_next_dist_client_0tjvt_u._.js:13322
[   52023ms] [ERROR] WebSocket connection to 'ws://localhost:3000/_next/webpack-hmr?id=ksVusACn19mgldidDhsAV' failed: Error in connection establishment: net::ERR_CONNECTION_REFUSED @ http://localhost:3000/_next/static/chunks/0ntm_next_dist_client_0tjvt_u._.js:13322
[   57026ms] [ERROR] WebSocket connection to 'ws://localhost:3000/_next/webpack-hmr?id=ksVusACn19mgldidDhsAV' failed: Error in connection establishment: net::ERR_CONNECTION_REFUSED @ http://localhost:3000/_next/static/chunks/0ntm_next_dist_client_0tjvt_u._.js:13322
[   62029ms] [ERROR] WebSocket connection to 'ws://localhost:3000/_next/webpack-hmr?id=ksVusACn19mgldidDhsAV' failed: Error in connection establishment: net::ERR_CONNECTION_REFUSED @ http://localhost:3000/_next/static/chunks/0ntm_next_dist_client_0tjvt_u._.js:13322
[  458461ms] [INFO] %cDownload the React DevTools for a better development experience: https://react.dev/link/react-devtools font-weight:bold @ http://localhost:3000/_next/static/chunks/0ntm_next_dist_0kkjfq8._.js:2477
[  458493ms] [LOG] [HMR] connected @ http://localhost:3000/_next/static/chunks/0ntm_next_dist_0kkjfq8._.js:2477
[  459838ms] [ERROR] WebSocket connection to 'ws://localhost:3000/_next/webpack-hmr?id=cCtabsq4jrsYLh51Dl-GG' failed: Error in connection establishment: net::ERR_CONNECTION_REFUSED @ http://localhost:3000/_next/static/chunks/0ntm_next_dist_client_0tjvt_u._.js:13322
[  461151ms] [LOG] [HMR] connected @ http://localhost:3000/_next/static/chunks/0ntm_next_dist_0kkjfq8._.js:2477
[  461424ms] [INFO] %cDownload the React DevTools for a better development experience: https://react.dev/link/react-devtools font-weight:bold @ http://localhost:3000/_next/static/chunks/0ntm_next_dist_0kkjfq8._.js:2477
[  461433ms] [LOG] [HMR] connected @ http://localhost:3000/_next/static/chunks/0ntm_next_dist_0kkjfq8._.js:2477
[  472918ms] [LOG] [Fast Refresh] rebuilding @ http://localhost:3000/_next/static/chunks/0ntm_next_dist_0kkjfq8._.js:2477
[  473070ms] [LOG] [Fast Refresh] done in 253ms @ http://localhost:3000/_next/static/chunks/0ntm_next_dist_0kkjfq8._.js:2477
